

Apache CouchDB 1.6.1 (LogLevel=info) is starting.
Apache CouchDB 1.6.1 (LogLevel=info) is starting.
Apache CouchDB has started. Time to relax.
[info] [<0.32.0>] Apache CouchDB has started on http://127.0.0.1:5984/
Failure to start Mochiweb: eaddrinuse
{"init terminating in do_boot",{{badmatch,{error,{bad_return,{{couch_app,start,[normal,["/etc/couchdb/default.ini","/etc/couchdb/local.ini"]]},{'EXIT',{{badmatch,{error,{shutdown,{failed_to_start_child,couch_secondary_services,{shutdown,{failed_to_start_child,httpd,eaddrinuse}}}}}},[{couch_server_sup,start_server,1,[{file,"couch_server_sup.erl"},{line,98}]},{application_master,start_it_old,4,[{file,"application_master.erl"},{line,269}]}]}}}}}},[{couch,start,0,[{file,"couch.erl"},{line,18}]},{init,start_it,1,[]},{init,start_em,1,[]}]}}

Apache CouchDB 1.6.1 (LogLevel=info) is starting.
Failure to start Mochiweb: eaddrinuse
[error] [<0.107.0>] {error_report,<0.31.0>,
                     {<0.107.0>,crash_report,
                      [[{initial_call,
                         {mochiweb_socket_server,init,['Argument__1']}},
                        {pid,<0.107.0>},
                        {registered_name,[]},
                        {error_info,
                         {exit,eaddrinuse,
                          [{gen_server,init_it,6,
                            [{file,"gen_server.erl"},{line,320}]},
                           {proc_lib,init_p_do_apply,3,
                            [{file,"proc_lib.erl"},{line,239}]}]}},
                        {ancestors,
                         [couch_secondary_services,couch_server_sup,<0.32.0>]},
                        {messages,[]},
                        {links,[<0.93.0>]},
                        {dictionary,[]},
                        {trap_exit,true},
                        {status,running},
                        {heap_size,1598},
                        {stack_size,27},
                        {reductions,598}],
                       []]}}
{"init terminating in do_boot",{{badmatch,{error,{bad_return,{{couch_app,start,[normal,["/etc/couchdb/default.ini","/etc/couchdb/local.ini"]]},{'EXIT',{{badmatch,{error,{shutdown,{failed_to_start_child,couch_secondary_services,{shutdown,{failed_to_start_child,httpd,eaddrinuse}}}}}},[{couch_server_sup,start_server,1,[{file,"couch_server_sup.erl"},{line,98}]},{application_master,start_it_old,4,[{file,"application_master.erl"},{line,269}]}]}}}}}},[{couch,start,0,[{file,"couch.erl"},{line,18}]},{init,start_it,1,[]},{init,start_em,1,[]}]}}
